<?xml version="1.0" encoding="UTF-8"?>
<!-- Generated by org.testng.reporters.JUnitReportReporter -->
<testsuite hostname="DESKTOP-VPG8QQH" failures="0" tests="1" name="com.demowebshop.tests.BooksTest" time="7.078" errors="0" timestamp="2024-12-11T14:43:24 GMT" skipped="0">
  <testcase classname="com.demowebshop.tests.BooksTest" name="selectBooksLink" time="7.078"/>
  <system-out/>
</testsuite> <!-- com.demowebshop.tests.BooksTest -->
