<?xml version="1.0" encoding="UTF-8"?>
<!-- Generated by org.testng.reporters.JUnitReportReporter -->
<testsuite hostname="DESKTOP-VPG8QQH" failures="0" tests="1" name="com.demowebshop.tests.ShoppingCartTest" time="22.276" errors="0" timestamp="2024-12-12T09:05:07 GMT" skipped="0">
  <testcase classname="com.demowebshop.tests.ShoppingCartTest" name="shoppingCart" time="22.276"/>
  <system-out/>
</testsuite> <!-- com.demowebshop.tests.ShoppingCartTest -->
