<?xml version="1.0" encoding="UTF-8"?>
<!-- Generated by org.testng.reporters.JUnitReportReporter -->
<testsuite hostname="DESKTOP-VPG8QQH" failures="0" tests="1" name="com.demowebshop.tests.WishlistTest" time="17.811" errors="0" timestamp="2024-12-12T10:19:37 GMT" skipped="0">
  <testcase classname="com.demowebshop.tests.WishlistTest" name="openWishlistPage" time="17.811"/>
  <system-out/>
</testsuite> <!-- com.demowebshop.tests.WishlistTest -->
