<?xml version="1.0" encoding="UTF-8"?>
<!-- Generated by org.testng.reporters.JUnitReportReporter -->
<testsuite hostname="DESKTOP-VPG8QQH" failures="0" tests="1" name="com.demowebshop.tests.LoginTest" time="6.145" errors="0" timestamp="2024-12-12T09:11:59 GMT" skipped="0">
  <testcase classname="com.demowebshop.tests.LoginTest" name="logintotheDemoShopWebsite" time="6.145"/>
  <system-out/>
</testsuite> <!-- com.demowebshop.tests.LoginTest -->
