<?xml version="1.0" encoding="UTF-8"?>
<!-- Generated by org.testng.reporters.JUnitReportReporter -->
<testsuite hostname="DESKTOP-VPG8QQH" failures="0" tests="1" name="com.demowebshop.tests.RegisterTest" time="9.102" errors="0" timestamp="2024-12-11T12:48:57 GMT" skipped="0">
  <testcase classname="com.demowebshop.tests.RegisterTest" name="registerintotheDemoShopWebsite" time="9.102"/>
  <system-out/>
</testsuite> <!-- com.demowebshop.tests.RegisterTest -->
